<?xml version="1.0" encoding="UTF-8"?>
<!-- Generated by org.testng.reporters.JUnitReportReporter -->
<testsuite skipped="0" hostname="TEJAS-PC" name="Test_Techbodi.NewTest" tests="1" failures="0" timestamp="28 Apr 2019 11:06:53 GMT" time="14.675" errors="0">
  <testcase name="f" time="14.675" classname="Test_Techbodi.NewTest"/>
</testsuite> <!-- Test_Techbodi.NewTest -->
