<?xml version="1.0" encoding="UTF-8"?>
<!-- Generated by org.testng.reporters.JUnitReportReporter -->
<testsuite skipped="0" hostname="TEJAS-PC" name="Test_Techbodi.TestiNgWithMaven" tests="1" failures="0" timestamp="04 May 2019 10:53:44 GMT" time="16.111" errors="0">
  <testcase name="f" time="16.111" classname="Test_Techbodi.TestiNgWithMaven"/>
</testsuite> <!-- Test_Techbodi.TestiNgWithMaven -->
