<?xml version="1.0" encoding="UTF-8"?>
<!-- Generated by org.testng.reporters.JUnitReportReporter -->
<testsuite skipped="0" hostname="TEJAS-PC" name="Test_Techbodi.NewTest" tests="1" failures="0" timestamp="04 May 2019 10:53:44 GMT" time="14.087" errors="0">
  <testcase name="f" time="14.087" classname="Test_Techbodi.NewTest"/>
</testsuite> <!-- Test_Techbodi.NewTest -->
